15:48:36 **** Incremental Build of configuration Release for project PLS_WORK ****
make -j22 all 
arm-none-eabi-gcc "../Core/Src/main.c" -mcpu=cortex-m7 -std=gnu11 -DUSE_PWR_DIRECT_SMPS_SUPPLY -DUSE_HAL_DRIVER -DSTM32H7A3xxQ -c -I../Core/Inc -I../Drivers/STM32H7xx_HAL_Driver/Inc -I../Drivers/STM32H7xx_HAL_Driver/Inc/Legacy -I../Drivers/CMSIS/Device/ST/STM32H7xx/Include -I../Drivers/CMSIS/Include -Os -ffunction-sections -fdata-sections -Wall -fstack-usage -fcyclomatic-complexity -MMD -MP -MF"Core/Src/main.d" -MT"Core/Src/main.o" --specs=nano.specs -mfpu=fpv5-d16 -mfloat-abi=hard -mthumb -o "Core/Src/main.o"
../Core/Src/main.c:5:13: warning: 'MPU_Config' used but never defined
    5 | static void MPU_Config(void);
      |             ^~~~~~~~~~
../Core/Src/main.c:6:13: warning: 'MX_GPIO_Init' used but never defined
    6 | static void MX_GPIO_Init(void);
      |             ^~~~~~~~~~~~
arm-none-eabi-gcc -o "PLS_WORK.elf" @"objects.list"   -mcpu=cortex-m7 -T"C:\Users\mregalado_enyuare\STM32CubeIDE\workspace_2.1.0\PLS_WORK\STM32H7A3ZITXQ_FLASH.ld" --specs=nosys.specs -Wl,-Map="PLS_WORK.map" -Wl,--gc-sections -static --specs=nano.specs -mfpu=fpv5-d16 -mfloat-abi=hard -mthumb -Wl,--start-group -lc -lm -Wl,--end-group
C:/ST/STM32CubeIDE_2.1.1/STM32CubeIDE/plugins/com.st.stm32cube.ide.mcu.externaltools.gnu-tools-for-stm32.14.3.rel1.win32_1.0.100.202602081740/tools/bin/../lib/gcc/arm-none-eabi/14.3.1/../../../../arm-none-eabi/bin/ld.exe: ./Core/Src/main.o: in function `main':
main.c:(.text.startup.main+0x2): undefined reference to `MPU_Config'
C:/ST/STM32CubeIDE_2.1.1/STM32CubeIDE/plugins/com.st.stm32cube.ide.mcu.externaltools.gnu-tools-for-stm32.14.3.rel1.win32_1.0.100.202602081740/tools/bin/../lib/gcc/arm-none-eabi/14.3.1/../../../../arm-none-eabi/bin/ld.exe: (MPU_Config): Unknown destination type (ARM/Thumb) in ./Core/Src/main.o
main.c:(.text.startup.main+0x2): dangerous relocation: unsupported relocation
C:/ST/STM32CubeIDE_2.1.1/STM32CubeIDE/plugins/com.st.stm32cube.ide.mcu.externaltools.gnu-tools-for-stm32.14.3.rel1.win32_1.0.100.202602081740/tools/bin/../lib/gcc/arm-none-eabi/14.3.1/../../../../arm-none-eabi/bin/ld.exe: main.c:(.text.startup.main+0xa): undefined reference to `SystemClock_Config'
C:/ST/STM32CubeIDE_2.1.1/STM32CubeIDE/plugins/com.st.stm32cube.ide.mcu.externaltools.gnu-tools-for-stm32.14.3.rel1.win32_1.0.100.202602081740/tools/bin/../lib/gcc/arm-none-eabi/14.3.1/../../../../arm-none-eabi/bin/ld.exe: (SystemClock_Config): Unknown destination type (ARM/Thumb) in ./Core/Src/main.o
main.c:(.text.startup.main+0xa): dangerous relocation: unsupported relocation
C:/ST/STM32CubeIDE_2.1.1/STM32CubeIDE/plugins/com.st.stm32cube.ide.mcu.externaltools.gnu-tools-for-stm32.14.3.rel1.win32_1.0.100.202602081740/tools/bin/../lib/gcc/arm-none-eabi/14.3.1/../../../../arm-none-eabi/bin/ld.exe: main.c:(.text.startup.main+0xe): undefined reference to `MX_GPIO_Init'
C:/ST/STM32CubeIDE_2.1.1/STM32CubeIDE/plugins/com.st.stm32cube.ide.mcu.externaltools.gnu-tools-for-stm32.14.3.rel1.win32_1.0.100.202602081740/tools/bin/../lib/gcc/arm-none-eabi/14.3.1/../../../../arm-none-eabi/bin/ld.exe: (MX_GPIO_Init): Unknown destination type (ARM/Thumb) in ./Core/Src/main.o
main.c:(.text.startup.main+0xe): dangerous relocation: unsupported relocation
collect2.exe: error: ld returned 1 exit status
make: *** [makefile:64: PLS_WORK.elf] Error 1
"make -j22 all" terminated with exit code 2. Build might be incomplete.

15:48:37 Build Failed. 10 errors, 2 warnings. (took 552ms)

